<?xml version="1.0" encoding="UTF-8"?>
<!-- Generated by org.testng.reporters.JUnitReportReporter -->
<testsuite hostname="TP6VDIDEVTCM068" name="testcase.IncidentReport" tests="21" failures="1" timestamp="6 Jun 2019 07:25:04 GMT" time="1501.313" errors="0">
  <testcase name="testResolveIncidentTicket" time="100.439" classname="testcase.IncidentReport"/>
  <testcase name="testcopyincident" time="53.229" classname="testcase.IncidentReport"/>
  <testcase name="testcreateIncidentfromIntake" time="47.047" classname="testcase.IncidentReport"/>
  <testcase name="testmoveIncidentTasktoclosecomplete" time="110.193" classname="testcase.IncidentReport"/>
  <testcase name="testCreateManagedIncidentTicket" time="43.257" classname="testcase.IncidentReport"/>
  <testcase name="testcreateincidenttask" time="109.906" classname="testcase.IncidentReport"/>
  <testcase name="testCreateChildIncfromInc" time="56.357" classname="testcase.IncidentReport"/>
  <testcase name="testcreateProblemfromIncident" time="56.923" classname="testcase.IncidentReport"/>
  <testcase name="testCancelIncidentTicket" time="61.814" classname="testcase.IncidentReport"/>
  <testcase name="testmoveIncidentTasktocancel" time="108.977" classname="testcase.IncidentReport"/>
  <testcase name="testCreateNormalChangefromInc" time="49.348" classname="testcase.IncidentReport"/>
  <testcase name="testCreateincidentalert" time="112.566" classname="testcase.IncidentReport"/>
  <testcase name="testcreateINCforuserimpact3" time="42.995" classname="testcase.IncidentReport"/>
  <testcase name="testCreateStandAloneIncidentTicket" time="46.302" classname="testcase.IncidentReport"/>
  <testcase name="testcreateINCforuserimpact1" time="148.333" classname="testcase.IncidentReport">
    <failure type="org.openqa.selenium.TimeoutException" message="Expected condition failed: waiting for title to be &quot;Incidents | ServiceNow&quot;. Current title: &quot;System Administration | ServiceNow&quot; (tried for 30 second(s) with 500 milliseconds interval)
Build info: version: &#039;3.12.0&#039;, revision: &#039;7c6e0b3&#039;, time: &#039;2018-05-08T14:04:26.12Z&#039;
System info: host: &#039;TP6VDIDEVTCM068&#039;, ip: &#039;10.25.36.75&#039;, os.name: &#039;Windows 7&#039;, os.arch: &#039;amd64&#039;, os.version: &#039;6.1&#039;, java.version: &#039;1.8.0_172&#039;
Driver info: org.openqa.selenium.firefox.FirefoxDriver
Capabilities {acceptInsecureCerts: true, browserName: firefox, browserVersion: 61.0, javascriptEnabled: true, moz:accessibilityChecks: false, moz:headless: false, moz:processID: 43976, moz:profile: C:\Users\UX011974\AppData\L..., moz:useNonSpecCompliantPointerOrigin: false, moz:webdriverClick: true, pageLoadStrategy: normal, platform: XP, platformName: XP, platformVersion: 6.1, rotatable: false, timeouts: {implicit: 0, pageLoad: 300000, script: 30000}}
Session ID: ba178053-3296-4a2a-932a-c08e76892a69">
      <![CDATA[org.openqa.selenium.TimeoutException: Expected condition failed: waiting for title to be "Incidents | ServiceNow". Current title: "System Administration | ServiceNow" (tried for 30 second(s) with 500 milliseconds interval)
Build info: version: '3.12.0', revision: '7c6e0b3', time: '2018-05-08T14:04:26.12Z'
System info: host: 'TP6VDIDEVTCM068', ip: '10.25.36.75', os.name: 'Windows 7', os.arch: 'amd64', os.version: '6.1', java.version: '1.8.0_172'
Driver info: org.openqa.selenium.firefox.FirefoxDriver
Capabilities {acceptInsecureCerts: true, browserName: firefox, browserVersion: 61.0, javascriptEnabled: true, moz:accessibilityChecks: false, moz:headless: false, moz:processID: 43976, moz:profile: C:\Users\UX011974\AppData\L..., moz:useNonSpecCompliantPointerOrigin: false, moz:webdriverClick: true, pageLoadStrategy: normal, platform: XP, platformName: XP, platformVersion: 6.1, rotatable: false, timeouts: {implicit: 0, pageLoad: 300000, script: 30000}}
Session ID: ba178053-3296-4a2a-932a-c08e76892a69
	at org.openqa.selenium.support.ui.WebDriverWait.timeoutException(WebDriverWait.java:81)
	at org.openqa.selenium.support.ui.FluentWait.until(FluentWait.java:271)
	at com.servicenow.applicationspecificlibraries.WaitUtils.waitForTitleIs(WaitUtils.java:49)
	at com.servicenow.applicationspecificlibraries.IncidentReusables.verifyIncidentCreation(IncidentReusables.java:346)
	at testcase.IncidentReport.testcreateINCforuserimpact1(IncidentReport.java:417)
	at sun.reflect.NativeMethodAccessorImpl.invoke0(Native Method)
	at sun.reflect.NativeMethodAccessorImpl.invoke(NativeMethodAccessorImpl.java:62)
	at sun.reflect.DelegatingMethodAccessorImpl.invoke(DelegatingMethodAccessorImpl.java:43)
	at java.lang.reflect.Method.invoke(Method.java:498)
	at org.testng.internal.MethodInvocationHelper.invokeMethod(MethodInvocationHelper.java:80)
	at org.testng.internal.Invoker.invokeMethod(Invoker.java:714)
	at org.testng.internal.Invoker.invokeTestMethod(Invoker.java:901)
	at org.testng.internal.Invoker.invokeTestMethods(Invoker.java:1231)
	at org.testng.internal.TestMethodWorker.invokeTestMethods(TestMethodWorker.java:127)
	at org.testng.internal.TestMethodWorker.run(TestMethodWorker.java:111)
	at org.testng.TestRunner.privateRun(TestRunner.java:767)
	at org.testng.TestRunner.run(TestRunner.java:617)
	at org.testng.SuiteRunner.runTest(SuiteRunner.java:334)
	at org.testng.SuiteRunner.runSequentially(SuiteRunner.java:329)
	at org.testng.SuiteRunner.privateRun(SuiteRunner.java:291)
	at org.testng.SuiteRunner.run(SuiteRunner.java:240)
	at org.testng.SuiteRunnerWorker.runSuite(SuiteRunnerWorker.java:52)
	at org.testng.SuiteRunnerWorker.run(SuiteRunnerWorker.java:86)
	at org.testng.TestNG.runSuitesSequentially(TestNG.java:1198)
	at org.testng.TestNG.runSuitesLocally(TestNG.java:1123)
	at org.testng.TestNG.run(TestNG.java:1031)
	at org.testng.remote.AbstractRemoteTestNG.run(AbstractRemoteTestNG.java:114)
	at org.testng.remote.RemoteTestNG.initAndRun(RemoteTestNG.java:251)
	at org.testng.remote.RemoteTestNG.main(RemoteTestNG.java:77)
]]>
    </failure>
  </testcase> <!-- testcreateINCforuserimpact1 -->
  <testcase name="testcreateINCforuserimpact2" time="41.679" classname="testcase.IncidentReport"/>
  <testcase name="testverifymandatoryfieldWIP" time="44.942" classname="testcase.IncidentReport"/>
  <testcase name="testverifyINCforActiveIMtask" time="99.504" classname="testcase.IncidentReport"/>
  <testcase name="testCreateEmergencyChangefromInc" time="46.561" classname="testcase.IncidentReport"/>
  <testcase name="testCreateStandardChangefromInc" time="51.823" classname="testcase.IncidentReport"/>
  <testcase name="testreassignim" time="69.118" classname="testcase.IncidentReport"/>
</testsuite> <!-- testcase.IncidentReport -->
