<html>
<head>
<title>TestNG:  Default test</title>
<link href="../testng.css" rel="stylesheet" type="text/css" />
<link href="../my-testng.css" rel="stylesheet" type="text/css" />

<style type="text/css">
.log { display: none;} 
.stack-trace { display: none;} 
</style>
<script type="text/javascript">
<!--
function flip(e) {
  current = e.style.display;
  if (current == 'block') {
    e.style.display = 'none';
    return 0;
  }
  else {
    e.style.display = 'block';
    return 1;
  }
}

function toggleBox(szDivId, elem, msg1, msg2)
{
  var res = -1;  if (document.getElementById) {
    res = flip(document.getElementById(szDivId));
  }
  else if (document.all) {
    // this is the way old msie versions work
    res = flip(document.all[szDivId]);
  }
  if(elem) {
    if(res == 0) elem.innerHTML = msg1; else elem.innerHTML = msg2;
  }

}

function toggleAllBoxes() {
  if (document.getElementsByTagName) {
    d = document.getElementsByTagName('div');
    for (i = 0; i < d.length; i++) {
      if (d[i].className == 'log') {
        flip(d[i]);
      }
    }
  }
}

// -->
</script>

</head>
<body>
<h2 align='center'>Default test</h2><table border='1' align="center">
<tr>
<td>Tests passed/Failed/Skipped:</td><td>20/1/0</td>
</tr><tr>
<td>Started on:</td><td>Thu Jun 06 12:29:53 IST 2019</td>
</tr>
<tr><td>Total time:</td><td>1502 seconds (1502344 ms)</td>
</tr><tr>
<td>Included groups:</td><td></td>
</tr><tr>
<td>Excluded groups:</td><td></td>
</tr>
</table><p/>
<small><i>(Hover the method name to see the test class name)</i></small><p/>
<table width='100%' border='1' class='invocation-failed'>
<tr><td colspan='4' align='center'><b>FAILED TESTS</b></td></tr>
<tr><td><b>Test method</b></td>
<td width="30%"><b>Exception</b></td>
<td width="10%"><b>Time (seconds)</b></td>
<td><b>Instance</b></td>
</tr>
<tr>
<td title='testcase.IncidentReport.testcreateINCforuserimpact1()'><b>testcreateINCforuserimpact1</b><br>Test class: testcase.IncidentReport<br>Test method: CreateIncforuserimpact1</td>
<td><div><pre>org.openqa.selenium.TimeoutException: Expected condition failed: waiting for title to be &quot;Incidents | ServiceNow&quot;. Current title: &quot;System Administration | ServiceNow&quot; (tried for 30 second(s) with 500 milliseconds interval)
Build info: version: &apos;3.12.0&apos;, revision: &apos;7c6e0b3&apos;, time: &apos;2018-05-08T14:04:26.12Z&apos;
System info: host: &apos;TP6VDIDEVTCM068&apos;, ip: &apos;10.25.36.75&apos;, os.name: &apos;Windows 7&apos;, os.arch: &apos;amd64&apos;, os.version: &apos;6.1&apos;, java.version: &apos;1.8.0_172&apos;
Driver info: org.openqa.selenium.firefox.FirefoxDriver
Capabilities {acceptInsecureCerts: true, browserName: firefox, browserVersion: 61.0, javascriptEnabled: true, moz:accessibilityChecks: false, moz:headless: false, moz:processID: 43976, moz:profile: C:\Users\UX011974\AppData\L..., moz:useNonSpecCompliantPointerOrigin: false, moz:webdriverClick: true, pageLoadStrategy: normal, platform: XP, platformName: XP, platformVersion: 6.1, rotatable: false, timeouts: {implicit: 0, pageLoad: 300000, script: 30000}}
Session ID: ba178053-3296-4a2a-932a-c08e76892a69
	at org.openqa.selenium.support.ui.WebDriverWait.timeoutException(WebDriverWait.java:81)
	at org.openqa.selenium.support.ui.FluentWait.until(FluentWait.java:271)
	at com.servicenow.applicationspecificlibraries.WaitUtils.waitForTitleIs(WaitUtils.java:49)
	at com.servicenow.applicationspecificlibraries.IncidentReusables.verifyIncidentCreation(IncidentReusables.java:346)
	at testcase.IncidentReport.testcreateINCforuserimpact1(IncidentReport.java:417)
	at sun.reflect.NativeMethodAccessorImpl.invoke0(Native Method)
	at sun.reflect.NativeMethodAccessorImpl.invoke(NativeMethodAccessorImpl.java:62)
	at sun.reflect.DelegatingMethodAccessorImpl.invoke(DelegatingMethodAccessorImpl.java:43)
	at java.lang.reflect.Method.invoke(Method.java:498)
	at org.testng.internal.MethodInvocationHelper.invokeMethod(MethodInvocationHelper.java:80)
	at org.testng.internal.Invoker.invokeMethod(Invoker.java:714)
	at org.testng.internal.Invoker.invokeTestMethod(Invoker.java:901)
	at org.testng.internal.Invoker.invokeTestMethods(Invoker.java:1231)
	at org.testng.internal.TestMethodWorker.invokeTestMethods(TestMethodWorker.java:127)
	at org.testng.internal.TestMethodWorker.run(TestMethodWorker.java:111)
	at org.testng.TestRunner.privateRun(TestRunner.java:767)
	at org.testng.TestRunner.run(TestRunner.java:617)
	at org.testng.SuiteRunner.runTest(SuiteRunner.java:334)
	at org.testng.SuiteRunner.runSequentially(SuiteRunner.java:329)
	at org.testng.SuiteRunner.privateRun(SuiteRunner.java:291)
	at org.testng.SuiteRunner.run(SuiteRunner.java:240)
	at org.testng.SuiteRunnerWorker.runSuite(SuiteRunnerWorker.java:52)
	at org.testng.SuiteRunnerWorker.run(SuiteRunnerWorker.java:86)
	at org.testng.TestNG.runSuitesSequentially(TestNG.java:1198)
	at org.testng.TestNG.runSuitesLocally(TestNG.java:1123)
	at org.testng.TestNG.run(TestNG.java:1031)
	at org.testng.remote.AbstractRemoteTestNG.run(AbstractRemoteTestNG.java:114)
	at org.testng.remote.RemoteTestNG.initAndRun(RemoteTestNG.java:251)
	at org.testng.remote.RemoteTestNG.main(RemoteTestNG.java:77)
</pre></div><a href='#' onClick='toggleBox("stack-trace1912424234", this, "Click to show all stack frames", "Click to hide stack frames")'>Click to show all stack frames</a>
<div class='stack-trace' id='stack-trace1912424234'><pre>org.openqa.selenium.TimeoutException: Expected condition failed: waiting for title to be &quot;Incidents | ServiceNow&quot;. Current title: &quot;System Administration | ServiceNow&quot; (tried for 30 second(s) with 500 milliseconds interval)
Build info: version: &apos;3.12.0&apos;, revision: &apos;7c6e0b3&apos;, time: &apos;2018-05-08T14:04:26.12Z&apos;
System info: host: &apos;TP6VDIDEVTCM068&apos;, ip: &apos;10.25.36.75&apos;, os.name: &apos;Windows 7&apos;, os.arch: &apos;amd64&apos;, os.version: &apos;6.1&apos;, java.version: &apos;1.8.0_172&apos;
Driver info: org.openqa.selenium.firefox.FirefoxDriver
Capabilities {acceptInsecureCerts: true, browserName: firefox, browserVersion: 61.0, javascriptEnabled: true, moz:accessibilityChecks: false, moz:headless: false, moz:processID: 43976, moz:profile: C:\Users\UX011974\AppData\L..., moz:useNonSpecCompliantPointerOrigin: false, moz:webdriverClick: true, pageLoadStrategy: normal, platform: XP, platformName: XP, platformVersion: 6.1, rotatable: false, timeouts: {implicit: 0, pageLoad: 300000, script: 30000}}
Session ID: ba178053-3296-4a2a-932a-c08e76892a69
	at org.openqa.selenium.support.ui.WebDriverWait.timeoutException(WebDriverWait.java:81)
	at org.openqa.selenium.support.ui.FluentWait.until(FluentWait.java:271)
	at com.servicenow.applicationspecificlibraries.WaitUtils.waitForTitleIs(WaitUtils.java:49)
	at com.servicenow.applicationspecificlibraries.IncidentReusables.verifyIncidentCreation(IncidentReusables.java:346)
	at testcase.IncidentReport.testcreateINCforuserimpact1(IncidentReport.java:417)
	at sun.reflect.NativeMethodAccessorImpl.invoke0(Native Method)
	at sun.reflect.NativeMethodAccessorImpl.invoke(NativeMethodAccessorImpl.java:62)
	at sun.reflect.DelegatingMethodAccessorImpl.invoke(DelegatingMethodAccessorImpl.java:43)
	at java.lang.reflect.Method.invoke(Method.java:498)
	at org.testng.internal.MethodInvocationHelper.invokeMethod(MethodInvocationHelper.java:80)
	at org.testng.internal.Invoker.invokeMethod(Invoker.java:714)
	at org.testng.internal.Invoker.invokeTestMethod(Invoker.java:901)
	at org.testng.internal.Invoker.invokeTestMethods(Invoker.java:1231)
	at org.testng.internal.TestMethodWorker.invokeTestMethods(TestMethodWorker.java:127)
	at org.testng.internal.TestMethodWorker.run(TestMethodWorker.java:111)
	at org.testng.TestRunner.privateRun(TestRunner.java:767)
	at org.testng.TestRunner.run(TestRunner.java:617)
	at org.testng.SuiteRunner.runTest(SuiteRunner.java:334)
	at org.testng.SuiteRunner.runSequentially(SuiteRunner.java:329)
	at org.testng.SuiteRunner.privateRun(SuiteRunner.java:291)
	at org.testng.SuiteRunner.run(SuiteRunner.java:240)
	at org.testng.SuiteRunnerWorker.runSuite(SuiteRunnerWorker.java:52)
	at org.testng.SuiteRunnerWorker.run(SuiteRunnerWorker.java:86)
	at org.testng.TestNG.runSuitesSequentially(TestNG.java:1198)
	at org.testng.TestNG.runSuitesLocally(TestNG.java:1123)
	at org.testng.TestNG.run(TestNG.java:1031)
	at org.testng.remote.AbstractRemoteTestNG.run(AbstractRemoteTestNG.java:114)
	at org.testng.remote.RemoteTestNG.initAndRun(RemoteTestNG.java:251)
	at org.testng.remote.RemoteTestNG.main(RemoteTestNG.java:77)
</pre></div></td>
<td>148</td>
<td>testcase.IncidentReport@69ea3742</td></tr>
</table><p>
<table width='100%' border='1' class='invocation-passed'>
<tr><td colspan='4' align='center'><b>PASSED TESTS</b></td></tr>
<tr><td><b>Test method</b></td>
<td width="30%"><b>Exception</b></td>
<td width="10%"><b>Time (seconds)</b></td>
<td><b>Instance</b></td>
</tr>
<tr>
<td title='testcase.IncidentReport.testCancelIncidentTicket()'><b>testCancelIncidentTicket</b><br>Test class: testcase.IncidentReport<br>Test method: Cancelling Incident Ticket</td>
<td></td>
<td>61</td>
<td>testcase.IncidentReport@69ea3742</td></tr>
<tr>
<td title='testcase.IncidentReport.testCreateChildIncfromInc()'><b>testCreateChildIncfromInc</b><br>Test class: testcase.IncidentReport<br>Test method: Create Child incident from Incident </td>
<td></td>
<td>56</td>
<td>testcase.IncidentReport@69ea3742</td></tr>
<tr>
<td title='testcase.IncidentReport.testCreateEmergencyChangefromInc()'><b>testCreateEmergencyChangefromInc</b><br>Test class: testcase.IncidentReport<br>Test method: Create emergency change from Incident </td>
<td></td>
<td>46</td>
<td>testcase.IncidentReport@69ea3742</td></tr>
<tr>
<td title='testcase.IncidentReport.testCreateManagedIncidentTicket()'><b>testCreateManagedIncidentTicket</b><br>Test class: testcase.IncidentReport<br>Test method: Create managed incident ticket</td>
<td></td>
<td>43</td>
<td>testcase.IncidentReport@69ea3742</td></tr>
<tr>
<td title='testcase.IncidentReport.testCreateNormalChangefromInc()'><b>testCreateNormalChangefromInc</b><br>Test class: testcase.IncidentReport<br>Test method: Create normal change from Incident </td>
<td></td>
<td>49</td>
<td>testcase.IncidentReport@69ea3742</td></tr>
<tr>
<td title='testcase.IncidentReport.testCreateStandAloneIncidentTicket()'><b>testCreateStandAloneIncidentTicket</b><br>Test class: testcase.IncidentReport<br>Test method: Create standalone incident ticket</td>
<td></td>
<td>46</td>
<td>testcase.IncidentReport@69ea3742</td></tr>
<tr>
<td title='testcase.IncidentReport.testCreateStandardChangefromInc()'><b>testCreateStandardChangefromInc</b><br>Test class: testcase.IncidentReport<br>Test method: Create standard change from Incident </td>
<td></td>
<td>51</td>
<td>testcase.IncidentReport@69ea3742</td></tr>
<tr>
<td title='testcase.IncidentReport.testCreateincidentalert()'><b>testCreateincidentalert</b><br>Test class: testcase.IncidentReport<br>Test method: Create incident alert</td>
<td></td>
<td>112</td>
<td>testcase.IncidentReport@69ea3742</td></tr>
<tr>
<td title='testcase.IncidentReport.testResolveIncidentTicket()'><b>testResolveIncidentTicket</b><br>Test class: testcase.IncidentReport<br>Test method: Progression of Incident ticket to Resolved state</td>
<td></td>
<td>100</td>
<td>testcase.IncidentReport@69ea3742</td></tr>
<tr>
<td title='testcase.IncidentReport.testcopyincident()'><b>testcopyincident</b><br>Test class: testcase.IncidentReport<br>Test method: Copy Incident </td>
<td></td>
<td>53</td>
<td>testcase.IncidentReport@69ea3742</td></tr>
<tr>
<td title='testcase.IncidentReport.testcreateINCforuserimpact2()'><b>testcreateINCforuserimpact2</b><br>Test class: testcase.IncidentReport<br>Test method: CreateIncforuserimpact2</td>
<td></td>
<td>41</td>
<td>testcase.IncidentReport@69ea3742</td></tr>
<tr>
<td title='testcase.IncidentReport.testcreateINCforuserimpact3()'><b>testcreateINCforuserimpact3</b><br>Test class: testcase.IncidentReport<br>Test method: CreateIncforuserimpact3</td>
<td></td>
<td>42</td>
<td>testcase.IncidentReport@69ea3742</td></tr>
<tr>
<td title='testcase.IncidentReport.testcreateIncidentfromIntake()'><b>testcreateIncidentfromIntake</b><br>Test class: testcase.IncidentReport<br>Test method: Creation of Incident from Intake</td>
<td></td>
<td>47</td>
<td>testcase.IncidentReport@69ea3742</td></tr>
<tr>
<td title='testcase.IncidentReport.testcreateProblemfromIncident()'><b>testcreateProblemfromIncident</b><br>Test class: testcase.IncidentReport<br>Test method: Createproblemfromincident</td>
<td></td>
<td>56</td>
<td>testcase.IncidentReport@69ea3742</td></tr>
<tr>
<td title='testcase.IncidentReport.testcreateincidenttask()'><b>testcreateincidenttask</b><br>Test class: testcase.IncidentReport<br>Test method: Create incident task</td>
<td></td>
<td>109</td>
<td>testcase.IncidentReport@69ea3742</td></tr>
<tr>
<td title='testcase.IncidentReport.testmoveIncidentTasktocancel()'><b>testmoveIncidentTasktocancel</b><br>Test class: testcase.IncidentReport<br>Test method: Movetasktocancel</td>
<td></td>
<td>108</td>
<td>testcase.IncidentReport@69ea3742</td></tr>
<tr>
<td title='testcase.IncidentReport.testmoveIncidentTasktoclosecomplete()'><b>testmoveIncidentTasktoclosecomplete</b><br>Test class: testcase.IncidentReport<br>Test method: Movetasktoclosecomplete</td>
<td></td>
<td>110</td>
<td>testcase.IncidentReport@69ea3742</td></tr>
<tr>
<td title='testcase.IncidentReport.testreassignim()'><b>testreassignim</b><br>Test class: testcase.IncidentReport<br>Test method: Reassign IM </td>
<td></td>
<td>69</td>
<td>testcase.IncidentReport@69ea3742</td></tr>
<tr>
<td title='testcase.IncidentReport.testverifyINCforActiveIMtask()'><b>testverifyINCforActiveIMtask</b><br>Test class: testcase.IncidentReport<br>Test method: Active IM task </td>
<td></td>
<td>99</td>
<td>testcase.IncidentReport@69ea3742</td></tr>
<tr>
<td title='testcase.IncidentReport.testverifymandatoryfieldWIP()'><b>testverifymandatoryfieldWIP</b><br>Test class: testcase.IncidentReport<br>Test method: Validate mandatory fields in WIP state</td>
<td></td>
<td>44</td>
<td>testcase.IncidentReport@69ea3742</td></tr>
</table><p>
</body>
</html>